TN:
SF:src/config.ts
FN:49,loadConfig
FN:62,mergeConfigs
FN:76,getEnforcementLevel
FNF:3
FNH:2
FNDA:4,loadConfig
FNDA:4,mergeConfigs
FNDA:0,getEnforcementLevel
DA:1,1
DA:2,1
DA:11,1
DA:12,1
DA:13,1
DA:14,1
DA:15,1
DA:16,1
DA:17,1
DA:18,1
DA:19,1
DA:20,1
DA:21,1
DA:22,1
DA:23,1
DA:24,1
DA:25,1
DA:26,1
DA:27,1
DA:28,1
DA:29,1
DA:30,1
DA:31,1
DA:32,1
DA:33,1
DA:34,1
DA:35,1
DA:36,1
DA:37,1
DA:38,1
DA:39,1
DA:40,1
DA:41,1
DA:42,1
DA:43,1
DA:44,1
DA:45,1
DA:46,1
DA:47,1
DA:49,4
DA:50,4
DA:51,4
DA:52,3
DA:53,4
DA:54,0
DA:55,0
DA:56,2
DA:57,2
DA:58,2
DA:59,2
DA:60,4
DA:62,1
DA:63,4
DA:64,4
DA:65,4
DA:66,4
DA:67,4
DA:68,4
DA:69,4
DA:70,4
DA:71,4
DA:72,4
DA:73,4
DA:74,4
DA:76,1
DA:77,0
DA:78,0
DA:79,0
DA:80,0
DA:81,0
DA:82,0
DA:83,0
DA:84,0
DA:85,0
DA:86,0
DA:87,0
LF:76
LH:63
BRDA:49,0,0,4
BRDA:51,1,0,3
BRDA:53,2,0,2
BRDA:53,3,0,0
BRDA:55,4,0,2
BRDA:62,5,0,4
BRDA:68,6,0,1
BRDA:69,7,0,2
BRDA:70,8,0,2
BRDA:71,9,0,2
BRF:10
BRH:9
end_of_record
TN:
SF:src/types.ts
FN:133,isResolutionAllow
FN:137,isResolutionAdvise
FN:147,isResolutionBlock
FN:156,isToolRule
FN:167,isEnvironment
FNF:5
FNH:5
FNDA:4,isResolutionAllow
FNDA:2,isResolutionAdvise
FNDA:2,isResolutionBlock
FNDA:2,isToolRule
FNDA:2,isEnvironment
DA:133,1
DA:134,4
DA:135,4
DA:137,1
DA:138,2
DA:139,2
DA:140,2
DA:141,2
DA:142,2
DA:143,2
DA:145,2
DA:147,1
DA:148,2
DA:149,2
DA:150,2
DA:151,2
DA:152,2
DA:154,2
DA:156,1
DA:157,2
DA:158,2
DA:159,2
DA:160,2
DA:161,2
DA:162,2
DA:163,1
DA:165,2
DA:167,1
DA:168,2
DA:169,2
DA:170,2
DA:171,2
DA:172,2
DA:173,1
DA:174,1
DA:176,2
LF:36
LH:36
BRDA:133,0,0,4
BRDA:134,1,0,3
BRDA:134,2,0,2
BRDA:137,3,0,2
BRDA:147,4,0,2
BRDA:156,5,0,2
BRDA:157,6,0,0
BRDA:160,7,0,0
BRDA:162,8,0,1
BRDA:167,9,0,2
BRDA:168,10,0,0
BRDA:172,11,0,1
BRDA:173,12,0,1
BRF:13
BRH:10
end_of_record
TN:
SF:src/cli/init.ts
FN:15,initCommand
FN:83,isRigGenerated
FN:89,copyGeneratedTemplate
FN:99,copyUserTemplate
FN:119,updateSettingsJson
FNF:5
FNH:5
FNDA:26,initCommand
FNDA:35,isRigGenerated
FNDA:78,copyGeneratedTemplate
FNDA:182,copyUserTemplate
FNDA:26,updateSettingsJson
DA:1,1
DA:2,1
DA:3,1
DA:4,1
DA:5,1
DA:6,1
DA:8,1
DA:9,1
DA:15,26
DA:16,26
DA:17,26
DA:18,26
DA:19,26
DA:20,26
DA:23,26
DA:24,26
DA:25,26
DA:26,26
DA:27,26
DA:28,26
DA:29,78
DA:30,78
DA:33,26
DA:36,26
DA:37,26
DA:38,78
DA:39,78
DA:40,3
DA:41,3
DA:42,78
DA:44,26
DA:45,78
DA:46,78
DA:47,78
DA:48,78
DA:51,26
DA:52,26
DA:53,156
DA:54,156
DA:55,156
DA:56,156
DA:57,156
DA:58,156
DA:59,156
DA:60,156
DA:61,156
DA:62,156
DA:63,156
DA:66,26
DA:67,26
DA:68,26
DA:69,26
DA:70,26
DA:71,26
DA:74,26
DA:75,26
DA:76,21
DA:77,21
DA:80,26
DA:81,26
DA:83,35
DA:84,35
DA:85,35
DA:86,35
DA:87,35
DA:89,78
DA:90,78
DA:91,78
DA:92,78
DA:93,78
DA:95,78
DA:96,78
DA:97,78
DA:99,182
DA:100,182
DA:101,182
DA:102,182
DA:103,182
DA:104,182
DA:105,182
DA:106,175
DA:108,140
DA:109,140
DA:110,140
DA:111,140
DA:113,35
DA:114,175
DA:115,7
DA:116,7
DA:117,7
DA:119,26
DA:120,26
DA:121,26
DA:123,26
DA:124,11
DA:125,11
DA:127,26
DA:128,19
DA:129,19
DA:130,26
DA:133,26
DA:134,26
DA:135,26
DA:136,26
DA:137,26
DA:139,26
DA:140,78
DA:141,57
DA:142,57
DA:143,78
DA:144,78
DA:147,78
DA:148,78
DA:149,21
DA:150,21
DA:151,21
DA:152,21
DA:153,21
DA:154,3
DA:155,3
DA:156,3
DA:157,21
DA:158,3
DA:159,3
DA:160,21
DA:163,78
DA:164,78
DA:165,18
DA:166,18
DA:167,18
DA:168,18
DA:169,18
DA:170,18
DA:171,18
DA:172,78
DA:173,78
DA:174,60
DA:175,60
DA:176,60
DA:177,60
DA:178,60
DA:179,78
DA:181,26
DA:182,26
LF:144
LH:144
BRDA:15,0,0,26
BRDA:28,1,0,78
BRDA:37,2,0,78
BRDA:39,3,0,3
BRDA:44,4,0,78
BRDA:52,5,0,156
BRDA:54,6,0,0
BRDA:69,7,0,0
BRDA:75,8,0,6
BRDA:75,9,0,21
BRDA:83,10,0,35
BRDA:84,11,0,0
BRDA:89,12,0,78
BRDA:99,13,0,182
BRDA:105,14,0,175
BRDA:106,15,0,140
BRDA:111,16,0,35
BRDA:114,17,0,7
BRDA:119,18,0,26
BRDA:123,19,0,11
BRDA:127,20,0,7
BRDA:127,21,0,19
BRDA:139,22,0,78
BRDA:140,23,0,57
BRDA:148,24,0,21
BRDA:153,25,0,3
BRDA:154,26,0,3
BRDA:155,27,0,3
BRDA:157,28,0,3
BRDA:173,29,0,60
BRDA:164,30,0,18
BRDA:170,31,0,18
BRF:32
BRH:29
end_of_record
TN:
SF:src/cli/renderer.ts
FN:5,renderTemplate
FNF:1
FNH:1
FNDA:231,renderTemplate
DA:5,1
DA:6,231
DA:7,398
DA:8,231
DA:9,231
LF:5
LH:5
BRDA:5,0,0,231
BRDA:6,1,0,398
BRDA:7,2,0,1
BRF:3
BRH:3
end_of_record
TN:
SF:src/enforcement/constitutional.ts
FN:27,isTestFile
FN:35,checkConstitutional
FNF:2
FNH:2
FNDA:19,isTestFile
FNDA:20,checkConstitutional
DA:3,1
DA:4,1
DA:5,1
DA:6,1
DA:7,1
DA:8,1
DA:9,1
DA:10,1
DA:11,1
DA:13,1
DA:14,1
DA:15,1
DA:16,1
DA:17,1
DA:18,1
DA:19,1
DA:21,1
DA:22,1
DA:23,1
DA:24,1
DA:25,1
DA:27,19
DA:28,19
DA:29,19
DA:35,1
DA:36,20
DA:37,20
DA:38,20
DA:39,20
DA:41,20
DA:42,20
DA:43,10
DA:44,10
DA:45,7
DA:46,7
DA:47,7
DA:48,7
DA:49,7
DA:50,7
DA:51,7
DA:52,7
DA:53,7
DA:54,7
DA:55,7
DA:56,10
DA:59,20
DA:60,20
DA:61,13
DA:62,13
DA:63,13
DA:64,1
DA:65,1
DA:66,1
DA:67,1
DA:68,1
DA:69,1
DA:70,1
DA:71,1
DA:72,13
DA:74,12
DA:75,12
LF:61
LH:61
BRDA:27,0,0,19
BRDA:28,1,0,57
BRDA:35,2,0,20
BRDA:41,3,0,2
BRDA:42,4,0,19
BRDA:42,5,0,10
BRDA:44,6,0,7
BRDA:45,7,0,6
BRDA:45,8,0,1
BRDA:56,9,0,13
BRDA:59,10,0,1
BRDA:60,11,0,13
BRDA:62,12,0,12
BRDA:62,13,0,12
BRDA:63,14,0,2
BRDA:63,15,0,1
BRDA:64,16,0,0
BRDA:72,17,0,12
BRDA:43,18,0,33
BRDA:61,19,0,35
BRF:20
BRH:19
end_of_record
TN:
SF:src/enforcement/file-tracker.ts
FN:24,<instance_members_initializer>
FN:28,classifyFile
FN:34,recordEdit
FN:44,nextTurn
FN:48,getSourceEdits
FN:52,getTestEdits
FN:60,getStaleSources
FN:79,reset
FN:91,extractBaseName
FNF:9
FNH:9
FNDA:39,<instance_members_initializer>
FNDA:56,classifyFile
FNDA:43,recordEdit
FNDA:14,nextTurn
FNDA:11,getSourceEdits
FNDA:3,getTestEdits
FNDA:24,getStaleSources
FNDA:1,reset
FNDA:29,extractBaseName
DA:6,1
DA:7,1
DA:8,1
DA:9,1
DA:10,1
DA:11,1
DA:12,1
DA:13,1
DA:15,1
DA:16,1
DA:17,1
DA:18,1
DA:19,1
DA:20,1
DA:21,1
DA:23,1
DA:24,1
DA:25,39
DA:26,39
DA:28,1
DA:29,56
DA:30,56
DA:31,34
DA:32,56
DA:34,1
DA:35,43
DA:36,43
DA:37,43
DA:38,12
DA:39,43
DA:40,31
DA:41,31
DA:42,43
DA:44,1
DA:45,14
DA:46,14
DA:48,1
DA:49,11
DA:50,11
DA:52,1
DA:53,3
DA:54,3
DA:60,1
DA:61,24
DA:62,24
DA:63,24
DA:64,24
DA:66,24
DA:71,28
DA:73,16
DA:75,16
DA:76,24
DA:77,24
DA:79,1
DA:80,1
DA:81,1
DA:82,1
DA:83,1
DA:84,1
DA:91,29
DA:92,29
DA:94,29
DA:95,29
LF:63
LH:63
BRDA:24,0,0,39
BRDA:28,1,0,56
BRDA:29,2,0,2
BRDA:29,3,0,54
BRDA:30,4,0,20
BRDA:30,5,0,34
BRDA:29,6,0,277
BRDA:30,7,0,233
BRDA:34,8,0,43
BRDA:37,9,0,12
BRDA:39,10,0,31
BRDA:44,11,0,14
BRDA:48,12,0,11
BRDA:52,13,0,3
BRDA:60,14,0,24
BRDA:63,15,0,13
BRDA:66,16,0,28
BRDA:71,17,0,12
BRDA:71,18,0,16
BRDA:79,19,0,1
BRDA:91,20,0,29
BRDA:92,21,0,0
BRF:22
BRH:21
end_of_record
TN:
SF:src/enforcement/post-tool-use.ts
FN:12,handlePostToolUse
FNF:1
FNH:1
FNDA:11,handlePostToolUse
DA:4,1
DA:5,1
DA:6,1
DA:12,1
DA:13,11
DA:14,11
DA:15,11
DA:16,11
DA:17,11
DA:18,11
DA:19,11
DA:22,11
DA:23,10
DA:24,10
DA:25,10
DA:28,10
DA:29,10
DA:30,10
DA:31,10
DA:34,10
DA:35,10
DA:36,10
DA:39,11
DA:40,1
DA:41,1
DA:43,1
DA:45,1
DA:46,1
DA:47,1
DA:48,1
DA:49,1
DA:50,1
DA:51,1
DA:53,11
DA:56,4
DA:57,4
LF:36
LH:36
BRDA:12,0,0,11
BRDA:22,1,0,2
BRDA:22,2,0,10
BRDA:28,3,0,8
BRDA:30,4,0,2
BRDA:35,5,0,1
BRDA:39,6,0,1
BRDA:53,7,0,7
BRDA:53,8,0,4
BRF:9
BRH:9
end_of_record
TN:
SF:src/enforcement/stale-test.ts
FN:8,checkStaleTests
FNF:1
FNH:1
FNDA:17,checkStaleTests
DA:8,1
DA:9,17
DA:10,17
DA:11,17
DA:13,17
DA:15,17
DA:16,17
DA:18,17
DA:19,17
DA:20,17
DA:21,17
DA:22,17
DA:24,17
DA:25,7
DA:26,7
DA:27,7
DA:28,7
DA:30,6
DA:31,6
DA:32,6
DA:33,6
DA:35,6
DA:36,6
LF:23
LH:23
BRDA:8,0,0,17
BRDA:9,1,0,0
BRDA:10,2,0,0
BRDA:13,3,0,11
BRDA:13,4,0,6
BRDA:15,5,0,1
BRDA:15,6,0,5
BRDA:24,7,0,7
BRDA:26,8,0,6
BRDA:26,9,0,1
BRDA:28,10,0,6
BRDA:16,11,0,7
BRF:12
BRH:10
end_of_record
TN:
SF:src/enforcement/test-scope.ts
FN:11,isUnscopedTestRun
FN:19,isAllowedUnscoped
FN:27,deriveTestPath
FN:37,checkTestScope
FNF:4
FNH:4
FNDA:8,isUnscopedTestRun
FNDA:5,isAllowedUnscoped
FNDA:7,deriveTestPath
FNDA:10,checkTestScope
DA:4,1
DA:5,1
DA:6,1
DA:7,1
DA:8,1
DA:9,1
DA:11,8
DA:12,8
DA:13,8
DA:14,19
DA:15,19
DA:16,3
DA:17,3
DA:19,5
DA:20,5
DA:21,5
DA:27,7
DA:28,7
DA:29,7
DA:30,7
DA:31,7
DA:37,1
DA:38,10
DA:39,10
DA:40,10
DA:41,10
DA:42,10
DA:44,10
DA:46,8
DA:47,10
DA:49,10
DA:50,10
DA:52,5
DA:53,10
DA:55,10
DA:56,10
DA:58,10
DA:59,10
DA:61,10
DA:62,10
DA:63,10
DA:64,10
DA:65,10
DA:66,10
DA:67,10
DA:68,10
DA:69,10
DA:70,10
DA:71,10
DA:73,10
DA:74,10
LF:51
LH:51
BRDA:11,0,0,8
BRDA:13,1,0,19
BRDA:14,2,0,5
BRDA:15,3,0,3
BRDA:19,4,0,5
BRDA:20,5,0,5
BRDA:27,6,0,7
BRDA:37,7,0,10
BRDA:44,8,0,2
BRDA:44,9,0,8
BRDA:47,10,0,3
BRDA:47,11,0,5
BRDA:49,12,0,0
BRDA:50,13,0,0
BRDA:50,14,0,5
BRDA:53,15,0,0
BRDA:53,16,0,5
BRDA:55,17,0,0
BRDA:56,18,0,1
BRDA:56,19,0,4
BRDA:58,20,0,7
BRDA:65,21,0,7
BRF:22
BRH:18
end_of_record
TN:
SF:src/enforcement/zero-defect.ts
FN:20,checkZeroDefect
FNF:1
FNH:1
FNDA:10,checkZeroDefect
DA:3,1
DA:4,1
DA:5,1
DA:6,1
DA:7,1
DA:8,1
DA:10,1
DA:11,1
DA:12,1
DA:13,1
DA:14,1
DA:20,1
DA:21,10
DA:23,10
DA:24,10
DA:27,8
DA:28,8
DA:29,10
DA:30,20
DA:31,9
DA:32,9
DA:33,20
DA:35,8
DA:36,10
DA:38,10
DA:39,10
DA:40,10
DA:41,10
DA:42,10
DA:43,10
DA:44,10
DA:45,10
DA:46,10
DA:47,10
DA:49,10
DA:50,10
LF:36
LH:36
BRDA:20,0,0,10
BRDA:21,1,0,0
BRDA:24,2,0,2
BRDA:24,3,0,8
BRDA:29,4,0,20
BRDA:30,5,0,9
BRDA:33,6,0,8
BRDA:36,7,0,7
BRDA:36,8,0,1
BRDA:23,9,0,19
BRDA:30,10,0,45
BRDA:42,11,0,9
BRF:12
BRH:11
end_of_record
TN:
SF:src/router/hook.ts
FN:18,handlePreToolUse
FN:68,getEffectiveEnforcement
FNF:2
FNH:2
FNDA:8,handlePreToolUse
FNDA:5,getEffectiveEnforcement
DA:3,1
DA:4,1
DA:18,1
DA:19,8
DA:20,8
DA:21,8
DA:22,8
DA:23,8
DA:24,8
DA:25,8
DA:27,8
DA:29,8
DA:30,1
DA:31,1
DA:32,1
DA:33,1
DA:34,1
DA:35,1
DA:36,1
DA:37,1
DA:39,8
DA:41,8
DA:44,5
DA:46,8
DA:47,4
DA:48,4
DA:49,4
DA:50,4
DA:51,4
DA:52,4
DA:53,0
DA:54,4
DA:55,4
DA:57,1
DA:58,1
DA:59,1
DA:60,1
DA:61,1
DA:62,1
DA:63,1
DA:65,0
DA:66,0
DA:68,5
DA:69,5
DA:70,5
DA:71,5
DA:72,5
DA:74,5
DA:75,5
DA:76,5
DA:77,0
DA:78,0
DA:79,5
DA:80,5
LF:54
LH:49
BRDA:18,0,0,8
BRDA:27,1,0,3
BRDA:27,2,0,5
BRDA:29,3,0,1
BRDA:41,4,0,0
BRDA:41,5,0,5
BRDA:46,6,0,4
BRDA:47,7,0,0
BRDA:52,8,0,0
BRDA:55,9,0,1
BRDA:63,10,0,0
BRDA:68,11,0,5
BRDA:76,12,0,0
BRF:13
BRH:8
end_of_record
TN:
SF:src/router/intent.ts
FN:43,classifyBashCommand
FN:62,classifyIntent
FNF:2
FNH:2
FNDA:32,classifyBashCommand
FNDA:52,classifyIntent
DA:9,1
DA:10,1
DA:11,1
DA:12,1
DA:13,1
DA:14,1
DA:15,1
DA:16,1
DA:18,1
DA:20,1
DA:21,1
DA:23,1
DA:24,1
DA:26,1
DA:27,1
DA:29,1
DA:30,1
DA:31,1
DA:32,1
DA:34,1
DA:35,1
DA:36,1
DA:37,1
DA:38,1
DA:39,1
DA:40,1
DA:41,1
DA:43,32
DA:44,32
DA:45,32
DA:47,32
DA:48,36
DA:49,36
DA:50,140
DA:51,30
DA:52,30
DA:53,30
DA:54,30
DA:55,30
DA:56,140
DA:57,36
DA:59,32
DA:60,32
DA:62,1
DA:64,52
DA:65,32
DA:66,32
DA:68,52
DA:69,1
DA:70,0
DA:71,0
DA:73,52
DA:74,52
LF:53
LH:51
BRDA:43,0,0,32
BRDA:47,1,0,36
BRDA:49,2,0,140
BRDA:50,3,0,30
BRDA:62,4,0,52
BRDA:64,5,0,32
BRDA:64,6,0,32
BRDA:66,7,0,20
BRDA:68,8,0,1
BRDA:68,9,0,1
BRDA:69,10,0,0
BRDA:71,11,0,19
BRDA:73,12,0,3
BRF:13
BRH:12
end_of_record
TN:
SF:src/router/resolver.ts
FN:5,normalizeResolution
FN:19,resolve
FNF:2
FNH:2
FNDA:28,normalizeResolution
FNDA:14,resolve
DA:3,1
DA:5,28
DA:6,28
DA:7,28
DA:8,12
DA:9,12
DA:19,1
DA:20,14
DA:23,14
DA:24,14
DA:27,14
DA:28,4
DA:29,4
DA:30,4
DA:32,14
DA:33,4
DA:34,4
DA:35,4
DA:38,4
DA:39,10
DA:42,2
DA:43,9
DA:46,1
DA:47,1
LF:24
LH:24
BRDA:5,0,0,28
BRDA:6,1,0,15
BRDA:6,2,0,13
BRDA:7,3,0,1
BRDA:7,4,0,12
BRDA:19,5,0,14
BRDA:24,6,0,3
BRDA:24,7,0,11
BRDA:27,8,0,4
BRDA:29,9,0,3
BRDA:30,10,0,8
BRDA:32,11,0,4
BRDA:32,12,0,4
BRDA:35,13,0,10
BRDA:35,14,0,4
BRDA:39,15,0,2
BRDA:39,16,0,9
BRDA:39,17,0,2
BRDA:43,18,0,1
BRF:19
BRH:19
end_of_record
TN:
SF:src/router/rules.ts
FN:10,getDefaultRules
FN:14,match
FN:29,match
FN:44,match
FN:59,match
FN:75,findMatchingRule
FNF:6
FNH:6
FNDA:14,getDefaultRules
FNDA:14,match
FNDA:8,match
FNDA:7,match
FNDA:7,match
FNDA:14,findMatchingRule
DA:2,1
DA:10,1
DA:11,14
DA:13,14
DA:14,14
DA:15,14
DA:16,14
DA:17,14
DA:18,14
DA:19,14
DA:20,14
DA:21,14
DA:22,14
DA:23,14
DA:24,14
DA:25,14
DA:28,14
DA:29,14
DA:30,8
DA:31,8
DA:32,14
DA:33,14
DA:34,14
DA:35,14
DA:36,14
DA:37,14
DA:38,14
DA:39,14
DA:40,14
DA:43,14
DA:44,14
DA:45,7
DA:46,7
DA:47,14
DA:48,14
DA:49,14
DA:50,14
DA:51,14
DA:52,14
DA:53,14
DA:54,14
DA:55,14
DA:58,14
DA:59,14
DA:60,7
DA:61,7
DA:62,14
DA:63,14
DA:64,14
DA:65,14
DA:66,14
DA:67,14
DA:68,14
DA:69,14
DA:75,1
DA:76,14
DA:77,14
DA:78,14
DA:79,14
DA:80,14
DA:81,36
DA:82,36
DA:84,0
DA:85,0
DA:86,0
DA:87,36
DA:88,36
DA:89,36
DA:90,36
DA:91,5
DA:92,5
LF:71
LH:68
BRDA:10,0,0,14
BRDA:14,1,0,14
BRDA:29,2,0,8
BRDA:44,3,0,7
BRDA:45,4,0,3
BRDA:59,5,0,7
BRDA:60,6,0,3
BRDA:75,7,0,14
BRDA:80,8,0,36
BRDA:82,9,0,0
BRDA:88,10,0,9
BRDA:90,11,0,5
BRF:12
BRH:11
end_of_record
TN:
SF:src/scout/cross-repo.ts
FN:14,ensureIndexed
FNF:1
FNH:1
FNDA:5,ensureIndexed
DA:1,1
DA:2,1
DA:14,1
DA:15,5
DA:18,4
DA:19,4
DA:20,5
DA:21,2
DA:22,2
DA:25,2
DA:26,2
DA:27,2
DA:28,2
DA:29,2
DA:30,2
DA:31,5
DA:32,1
DA:33,1
DA:34,0
DA:35,5
DA:36,1
DA:37,1
DA:38,5
LF:23
LH:22
BRDA:14,0,0,5
BRDA:15,1,0,1
BRDA:15,2,0,4
BRDA:20,3,0,2
BRDA:31,4,0,1
BRDA:33,5,0,0
BRDA:35,6,0,1
BRDA:19,7,0,2
BRF:8
BRH:7
end_of_record
TN:
SF:src/scout/mapper.ts
FN:27,formatRepoOutline
FN:44,formatFileTree
FN:52,formatSymbolSearch
FN:73,buildCodebaseMap
FNF:4
FNH:4
FNDA:2,formatRepoOutline
FNDA:4,formatFileTree
FNDA:3,formatSymbolSearch
FNDA:3,buildCodebaseMap
DA:27,1
DA:28,2
DA:29,2
DA:31,2
DA:32,2
DA:33,1
DA:34,1
DA:36,2
DA:37,2
DA:38,1
DA:39,1
DA:41,2
DA:42,2
DA:44,1
DA:45,4
DA:46,8
DA:47,8
DA:48,8
DA:49,4
DA:50,4
DA:52,1
DA:53,3
DA:54,3
DA:55,3
DA:56,6
DA:57,6
DA:58,6
DA:59,6
DA:60,6
DA:61,3
DA:62,3
DA:64,1
DA:65,1
DA:66,1
DA:67,1
DA:68,1
DA:69,1
DA:70,1
DA:71,1
DA:73,1
DA:74,3
DA:75,3
DA:76,3
DA:77,3
DA:78,3
DA:79,3
DA:81,3
DA:82,3
DA:83,3
DA:84,3
DA:86,3
DA:88,3
DA:89,3
DA:90,3
DA:91,3
DA:92,3
DA:93,3
DA:94,3
DA:95,3
DA:96,3
DA:97,3
DA:98,3
DA:99,3
DA:100,3
LF:64
LH:64
BRDA:27,0,0,2
BRDA:32,1,0,1
BRDA:37,2,0,1
BRDA:33,3,0,2
BRDA:38,4,0,3
BRDA:44,5,0,4
BRDA:45,6,0,8
BRDA:48,7,0,3
BRDA:48,8,0,5
BRDA:52,9,0,3
BRDA:54,10,0,4
BRDA:54,11,0,0
BRDA:54,12,0,0
BRDA:55,13,0,6
BRDA:73,14,0,3
BRDA:95,15,0,2
BRDA:95,16,0,2
BRDA:96,17,0,2
BRDA:97,18,0,2
BRDA:82,19,0,5
BRDA:83,20,0,5
BRDA:84,21,0,5
BRDA:84,22,0,15
BRF:23
BRH:21
end_of_record
TN:
SF:src/scout/scout-cache.ts
FN:11,<instance_members_initializer>
FN:13,getMap
FN:17,setMap
FN:21,isStale
FN:27,getCachedDirectories
FN:31,reset
FNF:6
FNH:6
FNDA:8,<instance_members_initializer>
FNDA:5,getMap
FNDA:12,setMap
FNDA:2,isStale
FNDA:2,getCachedDirectories
FNDA:1,reset
DA:3,1
DA:10,1
DA:11,1
DA:13,1
DA:14,5
DA:15,5
DA:17,1
DA:18,12
DA:19,12
DA:21,1
DA:22,2
DA:23,2
DA:24,2
DA:25,2
DA:27,1
DA:28,2
DA:29,2
DA:31,1
DA:32,1
DA:33,1
DA:34,1
LF:21
LH:21
BRDA:11,0,0,8
BRDA:13,1,0,5
BRDA:14,2,0,4
BRDA:17,3,0,12
BRDA:21,4,0,2
BRDA:23,5,0,0
BRDA:27,6,0,2
BRDA:31,7,0,1
BRF:8
BRH:7
end_of_record
TN:
SF:src/session/cache.ts
FN:6,<instance_members_initializer>
FN:10,getEnvironment
FN:14,setEnvironment
FN:18,isEnvironmentStale
FN:23,addEditedFile
FN:32,getEditedFiles
FN:36,setPhase
FN:40,getCurrentPhase
FN:44,reset
FNF:9
FNH:9
FNDA:29,<instance_members_initializer>
FNDA:9,getEnvironment
FNDA:16,setEnvironment
FNDA:2,isEnvironmentStale
FNDA:5,addEditedFile
FNDA:4,getEditedFiles
FNDA:2,setPhase
FNDA:3,getCurrentPhase
FNDA:1,reset
DA:3,1
DA:5,1
DA:6,1
DA:7,29
DA:8,29
DA:10,1
DA:11,9
DA:12,9
DA:14,1
DA:15,16
DA:16,16
DA:18,1
DA:19,2
DA:20,2
DA:21,2
DA:23,1
DA:24,5
DA:25,5
DA:26,4
DA:27,4
DA:28,4
DA:29,5
DA:30,5
DA:32,1
DA:33,4
DA:34,4
DA:36,1
DA:37,2
DA:38,2
DA:40,1
DA:41,3
DA:42,3
DA:44,1
DA:45,1
DA:46,1
DA:47,1
DA:48,1
DA:49,1
LF:38
LH:38
BRDA:6,0,0,29
BRDA:10,1,0,9
BRDA:14,2,0,16
BRDA:18,3,0,2
BRDA:19,4,0,0
BRDA:23,5,0,5
BRDA:25,6,0,4
BRDA:32,7,0,4
BRDA:33,8,0,1
BRDA:36,9,0,2
BRDA:40,10,0,3
BRDA:44,11,0,1
BRF:12
BRH:11
end_of_record
TN:
SF:src/session/environment.ts
FN:9,defaultExec
FN:12,detectEnvironment
FN:30,detectRtk
FN:39,detectJcodemunch
FNF:4
FNH:3
FNDA:0,defaultExec
FNDA:7,detectEnvironment
FNDA:7,detectRtk
FNDA:7,detectJcodemunch
DA:1,1
DA:2,1
DA:9,1
DA:10,0
DA:12,7
DA:13,7
DA:14,7
DA:15,7
DA:16,7
DA:17,7
DA:19,7
DA:20,7
DA:21,7
DA:22,7
DA:23,7
DA:24,7
DA:25,7
DA:26,7
DA:27,7
DA:28,7
DA:30,7
DA:31,7
DA:32,7
DA:33,7
DA:34,7
DA:35,6
DA:36,6
DA:37,7
DA:39,7
DA:44,7
DA:45,7
DA:46,7
DA:47,7
DA:48,5
DA:49,5
DA:51,2
DA:52,2
DA:53,2
DA:54,7
DA:55,7
DA:56,7
DA:58,7
DA:59,7
DA:60,7
DA:61,7
DA:62,7
DA:63,7
DA:64,7
DA:65,0
DA:66,0
DA:67,7
LF:51
LH:48
BRDA:12,0,0,7
BRDA:30,1,0,7
BRDA:34,2,0,6
BRDA:39,3,0,7
BRDA:47,4,0,5
BRDA:49,5,0,2
BRDA:54,6,0,0
BRDA:56,7,0,1
BRDA:64,8,0,0
BRDA:56,9,0,1
BRF:10
BRH:8
end_of_record
TN:
SF:src/session/start.ts
FN:10,handleSessionStart
FN:33,detectAndIndex
FNF:2
FNH:2
FNDA:5,handleSessionStart
FNDA:5,detectAndIndex
DA:1,1
DA:2,1
DA:10,5
DA:11,5
DA:12,5
DA:14,5
DA:15,5
DA:16,5
DA:17,5
DA:18,5
DA:20,5
DA:21,4
DA:22,4
DA:23,4
DA:24,0
DA:25,0
DA:26,4
DA:28,5
DA:30,5
DA:31,5
DA:33,5
DA:35,5
DA:36,5
DA:37,5
DA:38,5
DA:39,5
DA:40,5
DA:42,3
DA:45,5
DA:46,5
DA:47,5
DA:48,5
DA:50,5
DA:51,5
DA:52,5
DA:55,5
DA:56,5
DA:57,5
DA:59,5
DA:60,5
DA:62,5
DA:63,3
DA:64,3
DA:65,5
DA:67,1
DA:68,1
DA:69,1
DA:70,1
DA:71,1
DA:72,1
DA:73,1
DA:74,1
DA:75,1
DA:76,1
DA:77,1
DA:78,1
DA:79,1
DA:80,1
DA:82,0
DA:83,1
DA:84,5
DA:86,1
DA:88,5
DA:89,5
DA:90,5
DA:91,5
DA:92,5
DA:93,5
DA:94,5
DA:95,5
DA:96,5
DA:97,5
LF:72
LH:69
BRDA:10,0,0,5
BRDA:16,1,0,2
BRDA:16,2,0,3
BRDA:17,3,0,4
BRDA:17,4,0,1
BRDA:20,5,0,4
BRDA:23,6,0,0
BRDA:33,7,0,5
BRDA:40,8,0,3
BRDA:57,9,0,0
BRDA:60,10,0,1
BRDA:62,11,0,3
BRDA:65,12,0,1
BRDA:75,13,0,0
BRDA:80,14,0,0
BRDA:84,15,0,1
BRDA:60,16,0,3
BRF:17
BRH:13
end_of_record
TN:
SF:src/skills/phase-tracker.ts
FN:10,<instance_members_initializer>
FN:13,getCurrentPhase
FN:17,setPhase
FN:22,canTransitionTo
FN:35,getHistory
FN:39,getAllPhases
FN:43,getPhaseIndex
FN:47,isTddPhase
FN:51,isVerifyPhase
FN:55,reset
FNF:10
FNH:10
FNDA:12,<instance_members_initializer>
FNDA:4,getCurrentPhase
FNDA:16,setPhase
FNDA:8,canTransitionTo
FNDA:2,getHistory
FNDA:1,getAllPhases
FNDA:6,getPhaseIndex
FNDA:2,isTddPhase
FNDA:1,isVerifyPhase
FNDA:1,reset
DA:1,1
DA:9,1
DA:10,1
DA:11,12
DA:13,1
DA:14,4
DA:15,4
DA:17,1
DA:18,16
DA:19,16
DA:20,16
DA:22,1
DA:24,8
DA:27,8
DA:28,3
DA:29,3
DA:32,4
DA:33,8
DA:35,1
DA:36,2
DA:37,2
DA:39,1
DA:40,1
DA:41,1
DA:43,1
DA:44,6
DA:45,6
DA:47,1
DA:48,2
DA:49,2
DA:51,1
DA:52,1
DA:53,1
DA:55,1
DA:56,1
DA:57,1
DA:58,1
DA:59,1
LF:38
LH:38
BRDA:10,0,0,12
BRDA:13,1,0,4
BRDA:17,2,0,16
BRDA:22,3,0,8
BRDA:24,4,0,1
BRDA:24,5,0,7
BRDA:27,6,0,3
BRDA:29,7,0,4
BRDA:28,8,0,6
BRDA:35,9,0,2
BRDA:39,10,0,1
BRDA:43,11,0,6
BRDA:47,12,0,2
BRDA:51,13,0,1
BRDA:55,14,0,1
BRF:15
BRH:15
end_of_record
